May 17, 2019 2:18:03 AM cse308.map.algorithm.Algorithm singleRun
INFO: Algorithm Start...'
'fetching precinct'state data...'
'Constructing Clusters...'
'Initializing State...'
'Phase 1 Graph partition...'
''
'No.1: 19041041019 : precinct size 185, population 197748'
'No.2: 19113113025 : precinct size 472, population 535650'
'No.3: 19023023020 : precinct size 490, population 655913'
'No.4: 19153153037 : precinct size 403, population 730727'
'No.5: 19163163066 : precinct size 175, population 327550'
'No.6: 19041041017 : precinct size 800, population 598767'
''
'Assigning Colors...'
''
''
''
'No.1: 19041041019 : precinct size 191, population 214870'
'No.2: 19113113025 : precinct size 459, population 507081'
'No.3: 19023023020 : precinct size 476, population 630484'
'No.4: 19153153037 : precinct size 403, population 730727'
'No.5: 19163163066 : precinct size 202, population 381548'
'No.6: 19041041017 : precinct size 794, population 581645'
''
'Assigning Colors...'
''
''
''
'Algorithm finished!'
'
